21.05.2023 00:09:16.085 [main] INFO  com.task1.App - Program was started
21.05.2023 00:09:16.093 [main] DEBUG com.task1.App - Finding properties file into jar
21.05.2023 00:09:16.094 [main] DEBUG com.task1.App - Properties file into jar was found
21.05.2023 00:09:16.094 [main] DEBUG com.task1.App - Properties were loaded
21.05.2023 00:09:16.095 [main] INFO  com.task1.App - Setting message Привіт, Інна! 
21.05.2023 00:09:16.096 [main] DEBUG com.task1.App - Processing message format
21.05.2023 00:09:16.265 [main] DEBUG com.task1.App - {"message":"Привіт, Інна!"}
21.05.2023 00:09:16.265 [main] DEBUG com.task1.App - JSON message was created
21.05.2023 00:09:16.265 [main] INFO  com.task1.App - Program was finished
21.05.2023 00:10:03.808 [main] INFO  com.task1.App - Program was started
21.05.2023 00:10:03.811 [main] DEBUG com.task1.App - Finding properties file into jar
21.05.2023 00:10:03.812 [main] DEBUG com.task1.App - Properties file into jar was found
21.05.2023 00:10:03.812 [main] DEBUG com.task1.App - Properties were loaded
21.05.2023 00:10:03.813 [main] INFO  com.task1.App - Setting message Привіт, Інна! 
21.05.2023 00:10:03.815 [main] DEBUG com.task1.App - Processing message format
21.05.2023 00:10:03.973 [main] DEBUG com.task1.App - {"name":"Привіт, Інна!"}
21.05.2023 00:10:03.973 [main] DEBUG com.task1.App - JSON message was created
21.05.2023 00:10:03.973 [main] INFO  com.task1.App - Program was finished
21.05.2023 00:10:48.182 [main] INFO  com.task1.App - Program was started
21.05.2023 00:10:48.185 [main] DEBUG com.task1.App - Finding properties file into jar
21.05.2023 00:10:48.185 [main] DEBUG com.task1.App - Properties file into jar was found
21.05.2023 00:10:48.186 [main] DEBUG com.task1.App - Properties were loaded
21.05.2023 00:10:48.186 [main] INFO  com.task1.App - Setting message Привіт, Інна! 
21.05.2023 00:10:48.188 [main] DEBUG com.task1.App - Processing message format
21.05.2023 00:10:48.362 [main] DEBUG com.task1.App - {"message":"Привіт, Інна!"}
21.05.2023 00:10:48.362 [main] DEBUG com.task1.App - JSON message was created
21.05.2023 00:10:48.362 [main] INFO  com.task1.App - Program was finished
21.05.2023 00:15:17.681 [main] INFO  com.task1.App - Program was started
21.05.2023 00:15:17.685 [main] DEBUG com.task1.App - Finding properties file into jar
21.05.2023 00:15:17.686 [main] DEBUG com.task1.App - Properties file into jar was found
21.05.2023 00:15:17.686 [main] DEBUG com.task1.App - Properties were loaded
21.05.2023 00:15:17.687 [main] INFO  com.task1.App - Setting message Привіт, Інна! 
21.05.2023 00:15:17.688 [main] DEBUG com.task1.App - Processing message format
21.05.2023 00:15:17.855 [main] DEBUG com.task1.App - {"message":"Привіт, Інна!"}
21.05.2023 00:15:17.855 [main] DEBUG com.task1.App - JSON message was created
21.05.2023 00:15:17.855 [main] INFO  com.task1.App - Program was finished
21.05.2023 00:33:01.931 [main] INFO  com.task1.App - Program was started
21.05.2023 00:33:01.942 [main] DEBUG com.task1.App - Finding properties file into jar
21.05.2023 00:33:01.944 [main] DEBUG com.task1.App - Properties file into jar was found
21.05.2023 00:33:01.945 [main] DEBUG com.task1.App - Properties were loaded
21.05.2023 00:33:01.946 [main] INFO  com.task1.App - Setting message Привіт, Інна! 
21.05.2023 00:33:01.947 [main] DEBUG com.task1.App - Processing message format
21.05.2023 00:33:02.109 [main] DEBUG com.task1.App - {"message":"Привіт, Інна!"}
21.05.2023 00:33:02.109 [main] DEBUG com.task1.App - JSON message was created
21.05.2023 00:33:02.109 [main] INFO  com.task1.App - Program was finished
21.05.2023 00:43:33.107 [main] INFO  com.task1.App - Program was started
21.05.2023 00:43:33.115 [main] INFO  com.task1.App - Setting message Привіт, com.task1.App! 
21.05.2023 00:43:33.116 [main] DEBUG com.task1.App - Processing message format
21.05.2023 00:43:33.282 [main] DEBUG com.task1.App - {"message":"Привіт, com.task1.App!"}
21.05.2023 00:43:33.282 [main] DEBUG com.task1.App - JSON message was created
21.05.2023 00:43:33.283 [main] INFO  com.task1.App - Program was finished
21.05.2023 00:49:45.177 [main] INFO  com.task1.App - Program was started
21.05.2023 00:49:45.188 [main] DEBUG com.task1.App - Finding properties file into jar
21.05.2023 00:49:45.188 [main] DEBUG com.task1.App - Properties file into jar was found
21.05.2023 00:49:45.189 [main] DEBUG com.task1.App - Properties were loaded
21.05.2023 00:49:45.189 [main] INFO  com.task1.App - Setting message Привіт, Інна! 
21.05.2023 00:49:45.191 [main] DEBUG com.task1.App - Processing message format
21.05.2023 00:49:45.358 [main] DEBUG com.task1.App - {"message":"Привіт, Інна!"}
21.05.2023 00:49:45.358 [main] DEBUG com.task1.App - JSON message was created
21.05.2023 00:49:45.358 [main] INFO  com.task1.App - Program was finished
21.05.2023 00:54:51.250 [main] INFO  com.task1.App - Program was started
21.05.2023 00:54:51.263 [main] DEBUG com.task1.App - Finding properties file into jar
21.05.2023 00:54:51.264 [main] DEBUG com.task1.App - Properties file into jar was found
21.05.2023 00:54:51.264 [main] DEBUG com.task1.App - Properties were loaded
21.05.2023 00:54:51.264 [main] DEBUG com.task1.App - Finding properties file into jar
21.05.2023 00:54:51.264 [main] DEBUG com.task1.App - Properties file into jar was found
21.05.2023 00:54:51.264 [main] DEBUG com.task1.App - Properties were loaded
21.05.2023 00:54:51.265 [main] INFO  com.task1.App - Setting message Привіт, Інна! 
21.05.2023 00:54:51.266 [main] DEBUG com.task1.App - Processing message format
21.05.2023 00:54:51.433 [main] DEBUG com.task1.App - {"message":"Привіт, Інна!"}
21.05.2023 00:54:51.433 [main] DEBUG com.task1.App - JSON message was created
21.05.2023 00:54:51.433 [main] INFO  com.task1.App - Program was finished
21.05.2023 00:55:00.910 [main] INFO  com.task1.App - Program was started
21.05.2023 00:55:00.921 [main] DEBUG com.task1.App - Finding properties file into jar
21.05.2023 00:55:00.921 [main] DEBUG com.task1.App - Properties file into jar was found
21.05.2023 00:55:00.922 [main] DEBUG com.task1.App - Properties were loaded
21.05.2023 00:55:00.922 [main] DEBUG com.task1.App - Processing message format
21.05.2023 00:55:01.086 [main] DEBUG com.task1.App - {"message":"File properties has not key k"}
21.05.2023 00:55:01.087 [main] DEBUG com.task1.App - JSON message was created
21.05.2023 00:55:01.087 [main] INFO  com.task1.App - Program was finished
21.05.2023 00:57:37.739 [main] INFO  com.task1.App - Program was started
21.05.2023 00:57:37.748 [main] DEBUG com.task1.App - Finding properties file into jar
21.05.2023 00:57:37.750 [main] DEBUG com.task1.App - Properties file into jar was found
21.05.2023 00:57:37.750 [main] DEBUG com.task1.App - Properties were loaded
21.05.2023 00:57:37.750 [main] DEBUG com.task1.App - Finding properties file into jar
21.05.2023 00:57:37.750 [main] DEBUG com.task1.App - Properties file into jar was found
21.05.2023 00:57:37.751 [main] DEBUG com.task1.App - Properties were loaded
21.05.2023 00:57:37.751 [main] INFO  com.task1.App - Setting message Привіт, Інна! 
21.05.2023 00:57:37.753 [main] DEBUG com.task1.App - Processing message format
21.05.2023 00:57:37.921 [main] DEBUG com.task1.App - {"message":"Привіт, Інна!"}
21.05.2023 00:57:37.922 [main] DEBUG com.task1.App - JSON message was created
21.05.2023 00:57:37.922 [main] INFO  com.task1.App - Program was finished
21.05.2023 22:02:06.299 [main] INFO  com.task1.App - Program was started
21.05.2023 22:02:06.320 [main] DEBUG com.task1.App - Finding properties file out of jar
21.05.2023 22:02:06.321 [main] WARN  com.task1.App - Properties were not loaded config.properties (The system cannot find the file specified)
java.io.FileNotFoundException: config.properties (The system cannot find the file specified)
	at java.base/java.io.FileInputStream.open0(Native Method)
	at java.base/java.io.FileInputStream.open(FileInputStream.java:216)
	at java.base/java.io.FileInputStream.<init>(FileInputStream.java:157)
	at java.base/java.io.FileInputStream.<init>(FileInputStream.java:111)
	at com.task1.FileProcessing.readPropertyOutOfJar(FileProcessing.java:42)
	at com.task1.FileProcessing.readProperty(FileProcessing.java:19)
	at com.task1.MessageProcessing.createMessage(MessageProcessing.java:43)
	at com.task1.MessageProcessing.printMessage(MessageProcessing.java:13)
	at com.task1.App.main(App.java:14)
21.05.2023 22:02:06.329 [main] INFO  com.task1.App - Setting message Привіт, ! 
21.05.2023 22:02:06.330 [main] DEBUG com.task1.App - Processing message format
21.05.2023 22:02:06.686 [main] DEBUG com.task1.App - {"message":"Привіт, !"}
21.05.2023 22:02:06.686 [main] DEBUG com.task1.App - JSON message was created
21.05.2023 22:02:06.686 [main] INFO  com.task1.App - Program was finished
21.05.2023 22:07:23.072 [main] INFO  com.task1.App - Program was started
21.05.2023 22:07:23.088 [main] DEBUG com.task1.App - Finding properties file out of jar
21.05.2023 22:07:23.088 [main] WARN  com.task1.App - Properties were not loaded config.properties (The system cannot find the file specified)
java.io.FileNotFoundException: config.properties (The system cannot find the file specified)
	at java.base/java.io.FileInputStream.open0(Native Method)
	at java.base/java.io.FileInputStream.open(FileInputStream.java:216)
	at java.base/java.io.FileInputStream.<init>(FileInputStream.java:157)
	at java.base/java.io.FileInputStream.<init>(FileInputStream.java:111)
	at com.task1.FileProcessing.readPropertyOutOfJar(FileProcessing.java:42)
	at com.task1.FileProcessing.readProperty(FileProcessing.java:19)
	at com.task1.MessageProcessing.createMessage(MessageProcessing.java:43)
	at com.task1.MessageProcessing.printMessage(MessageProcessing.java:13)
	at com.task1.App.main(App.java:14)
21.05.2023 22:07:23.093 [main] INFO  com.task1.App - Setting message Привіт, ! 
21.05.2023 22:07:23.094 [main] DEBUG com.task1.App - Processing message format
21.05.2023 22:07:23.414 [main] DEBUG com.task1.App - {"message":"Привіт, !"}
21.05.2023 22:07:23.415 [main] DEBUG com.task1.App - JSON message was created
21.05.2023 22:07:23.415 [main] INFO  com.task1.App - Program was finished
21.05.2023 22:08:19.685 [main] INFO  com.task1.App - Program was started
21.05.2023 22:08:19.704 [main] DEBUG com.task1.App - Finding properties file out of jar
21.05.2023 22:08:19.705 [main] WARN  com.task1.App - Properties were not loaded config.properties (The system cannot find the file specified)
java.io.FileNotFoundException: config.properties (The system cannot find the file specified)
	at java.base/java.io.FileInputStream.open0(Native Method)
	at java.base/java.io.FileInputStream.open(FileInputStream.java:216)
	at java.base/java.io.FileInputStream.<init>(FileInputStream.java:157)
	at java.base/java.io.FileInputStream.<init>(FileInputStream.java:111)
	at com.task1.FileProcessing.readPropertyOutOfJar(FileProcessing.java:42)
	at com.task1.FileProcessing.readProperty(FileProcessing.java:19)
	at com.task1.MessageProcessing.createMessage(MessageProcessing.java:43)
	at com.task1.MessageProcessing.printMessage(MessageProcessing.java:13)
	at com.task1.App.main(App.java:14)
21.05.2023 22:08:19.713 [main] INFO  com.task1.App - Setting message Привіт, ! 
21.05.2023 22:08:19.714 [main] DEBUG com.task1.App - Processing message format
21.05.2023 22:08:19.715 [main] WARN  com.task1.App - You need to enter a message input format -Dformat=json or -Dformat=xml Cannot invoke "String.equals(Object)" because "outputFormat" is null
21.05.2023 22:08:19.716 [main] INFO  com.task1.App - Program was finished
21.05.2023 22:08:32.584 [main] INFO  com.task1.App - Program was started
21.05.2023 22:08:32.603 [main] DEBUG com.task1.App - Finding properties file out of jar
21.05.2023 22:08:32.604 [main] WARN  com.task1.App - Properties were not loaded config.properties (The system cannot find the file specified)
java.io.FileNotFoundException: config.properties (The system cannot find the file specified)
	at java.base/java.io.FileInputStream.open0(Native Method)
	at java.base/java.io.FileInputStream.open(FileInputStream.java:216)
	at java.base/java.io.FileInputStream.<init>(FileInputStream.java:157)
	at java.base/java.io.FileInputStream.<init>(FileInputStream.java:111)
	at com.task1.FileProcessing.readPropertyOutOfJar(FileProcessing.java:42)
	at com.task1.FileProcessing.readProperty(FileProcessing.java:19)
	at com.task1.MessageProcessing.createMessage(MessageProcessing.java:43)
	at com.task1.MessageProcessing.printMessage(MessageProcessing.java:13)
	at com.task1.App.main(App.java:14)
21.05.2023 22:08:32.614 [main] INFO  com.task1.App - Setting message Привіт, ! 
21.05.2023 22:08:32.615 [main] DEBUG com.task1.App - Processing message format
21.05.2023 22:08:32.615 [main] WARN  com.task1.App - You need to enter a message input format -Dformat=json or -Dformat=xml Cannot invoke "String.equals(Object)" because "outputFormat" is null
21.05.2023 22:08:32.616 [main] INFO  com.task1.App - Program was finished
21.05.2023 22:09:31.585 [main] INFO  com.task1.App - Program was started
21.05.2023 22:09:31.603 [main] DEBUG com.task1.App - Finding properties file into jar
21.05.2023 22:09:31.604 [main] DEBUG com.task1.App - Properties file into jar was found
21.05.2023 22:09:31.605 [main] DEBUG com.task1.App - Properties were loaded
21.05.2023 22:09:31.606 [main] INFO  com.task1.App - Setting message Привіт, ! 
21.05.2023 22:09:31.609 [main] DEBUG com.task1.App - Processing message format
21.05.2023 22:09:31.609 [main] WARN  com.task1.App - You need to enter a message input format -Dformat=json or -Dformat=xml Cannot invoke "String.equals(Object)" because "outputFormat" is null
21.05.2023 22:09:31.609 [main] INFO  com.task1.App - Program was finished
