20.05.2023 21:13:13.052 [main] INFO  com.task1.App - Program was started
20.05.2023 21:13:13.058 [main] DEBUG com.task1.App - Processing message format
20.05.2023 21:13:13.059 [main] DEBUG com.task1.App - Properties were loaded
20.05.2023 21:13:13.061 [main] INFO  com.task1.App - Setting message Привіт, Inna! 
20.05.2023 21:13:13.395 [main] DEBUG com.task1.App - {"message":"Привіт, Inna!"}
20.05.2023 21:13:13.396 [main] DEBUG com.task1.App - JSON message was created
20.05.2023 21:13:13.396 [main] INFO  com.task1.App - Program was finished
20.05.2023 21:16:32.912 [main] INFO  com.task1.App - Program was started
20.05.2023 21:16:32.918 [main] DEBUG com.task1.App - Processing message format
20.05.2023 21:16:32.921 [main] DEBUG com.task1.App - Properties were loaded
20.05.2023 21:16:32.933 [main] INFO  com.task1.App - Setting message Привіт, Inna! 
20.05.2023 21:16:33.238 [main] DEBUG com.task1.App - {"message":"Привіт, Inna!"}
20.05.2023 21:16:33.239 [main] DEBUG com.task1.App - JSON message was created
20.05.2023 21:16:33.239 [main] INFO  com.task1.App - Program was finished
20.05.2023 21:19:10.913 [main] INFO  com.task1.App - Program was started
20.05.2023 21:19:10.917 [main] DEBUG com.task1.App - Processing message format
20.05.2023 21:19:10.920 [main] DEBUG com.task1.App - Properties were loaded
20.05.2023 21:19:10.930 [main] INFO  com.task1.App - Setting message Привіт, Inna! 
20.05.2023 21:19:11.247 [main] DEBUG com.task1.App - {"message":"Привіт, Inna!"}
20.05.2023 21:19:11.247 [main] DEBUG com.task1.App - JSON message was created
20.05.2023 21:19:11.247 [main] INFO  com.task1.App - Program was finished
20.05.2023 21:22:43.573 [main] INFO  com.task1.App - Program was started
20.05.2023 21:22:43.579 [main] DEBUG com.task1.App - Processing message format
20.05.2023 21:22:43.582 [main] DEBUG com.task1.App - Properties were loaded
20.05.2023 21:22:43.593 [main] INFO  com.task1.App - Setting message Привіт, Inna! 
20.05.2023 21:22:43.910 [main] DEBUG com.task1.App - {"message":"Привіт, Inna!"}
20.05.2023 21:22:43.910 [main] DEBUG com.task1.App - JSON message was created
20.05.2023 21:22:43.910 [main] INFO  com.task1.App - Program was finished
20.05.2023 21:24:34.306 [main] INFO  com.task1.App - Program was started
20.05.2023 21:24:34.315 [main] DEBUG com.task1.App - Processing message format
20.05.2023 21:24:34.317 [main] DEBUG com.task1.App - Properties were loaded
20.05.2023 21:24:34.326 [main] INFO  com.task1.App - Setting message Привіт, null! 
20.05.2023 21:24:34.649 [main] DEBUG com.task1.App - {"message":"Привіт, null!"}
20.05.2023 21:24:34.649 [main] DEBUG com.task1.App - JSON message was created
20.05.2023 21:24:34.650 [main] INFO  com.task1.App - Program was finished
20.05.2023 21:28:36.530 [main] INFO  com.task1.App - Program was started
20.05.2023 21:28:36.535 [main] DEBUG com.task1.App - Processing message format
20.05.2023 21:28:36.536 [main] DEBUG com.task1.App - Properties were loaded
20.05.2023 21:28:36.537 [main] ERROR com.task1.App - No property with key username
20.05.2023 21:28:36.548 [main] INFO  com.task1.App - Setting message Привіт, null! 
20.05.2023 21:28:36.913 [main] DEBUG com.task1.App - {"message":"Привіт, null!"}
20.05.2023 21:28:36.914 [main] DEBUG com.task1.App - JSON message was created
20.05.2023 21:28:36.914 [main] INFO  com.task1.App - Program was finished
20.05.2023 21:29:41.373 [main] INFO  com.task1.App - Program was started
20.05.2023 21:29:41.378 [main] DEBUG com.task1.App - Processing message format
20.05.2023 21:29:41.380 [main] DEBUG com.task1.App - Properties were loaded
20.05.2023 21:29:41.390 [main] INFO  com.task1.App - Setting message Привіт, Inna! 
20.05.2023 21:29:41.688 [main] DEBUG com.task1.App - {"message":"Привіт, Inna!"}
20.05.2023 21:29:41.689 [main] DEBUG com.task1.App - JSON message was created
20.05.2023 21:29:41.689 [main] INFO  com.task1.App - Program was finished
20.05.2023 21:29:58.969 [main] INFO  com.task1.App - Program was started
20.05.2023 21:29:58.976 [main] DEBUG com.task1.App - Processing message format
20.05.2023 21:29:58.978 [main] DEBUG com.task1.App - Properties were loaded
20.05.2023 21:31:09.614 [main] INFO  com.task1.App - Program was started
20.05.2023 21:31:09.621 [main] DEBUG com.task1.App - Processing message format
20.05.2023 21:31:09.623 [main] DEBUG com.task1.App - Properties were loaded
20.05.2023 21:32:54.796 [main] INFO  com.task1.App - Program was started
20.05.2023 21:32:54.803 [main] DEBUG com.task1.App - Processing message format
20.05.2023 21:32:54.805 [main] DEBUG com.task1.App - Properties were loaded
20.05.2023 21:32:54.815 [main] INFO  com.task1.App - Setting message Привіт, null! 
20.05.2023 21:32:55.128 [main] DEBUG com.task1.App - {"message":"Привіт, null!"}
20.05.2023 21:32:55.128 [main] DEBUG com.task1.App - JSON message was created
20.05.2023 21:32:55.128 [main] INFO  com.task1.App - Program was finished
20.05.2023 21:33:27.292 [main] INFO  com.task1.App - Program was started
20.05.2023 21:33:27.298 [main] DEBUG com.task1.App - Processing message format
20.05.2023 21:33:27.299 [main] DEBUG com.task1.App - Properties were loaded
20.05.2023 21:33:27.311 [main] INFO  com.task1.App - Setting message Привіт, Inna! 
20.05.2023 21:33:27.612 [main] DEBUG com.task1.App - {"message":"Привіт, Inna!"}
20.05.2023 21:33:27.613 [main] DEBUG com.task1.App - JSON message was created
20.05.2023 21:33:27.613 [main] INFO  com.task1.App - Program was finished
20.05.2023 21:39:16.543 [main] INFO  com.task1.App - Program was started
20.05.2023 21:39:16.550 [main] DEBUG com.task1.App - Processing message format
20.05.2023 21:43:27.228 [main] INFO  com.task1.App - Program was started
20.05.2023 21:43:27.236 [main] DEBUG com.task1.App - Processing message format
20.05.2023 21:43:27.238 [main] DEBUG com.task1.App - Properties were loaded
20.05.2023 21:43:27.247 [main] INFO  com.task1.App - Setting message Привіт, Inna! 
20.05.2023 21:43:27.561 [main] DEBUG com.task1.App - {"message":"Привіт, Inna!"}
20.05.2023 21:43:27.561 [main] DEBUG com.task1.App - JSON message was created
20.05.2023 21:43:27.562 [main] INFO  com.task1.App - Program was finished
20.05.2023 21:47:40.464 [main] INFO  com.task1.App - Program was started
20.05.2023 21:47:40.470 [main] DEBUG com.task1.App - Processing message format
20.05.2023 21:48:03.115 [main] INFO  com.task1.App - Program was started
20.05.2023 21:48:03.122 [main] DEBUG com.task1.App - Processing message format
20.05.2023 21:48:03.127 [main] DEBUG com.task1.App - Properties were loaded
20.05.2023 21:48:03.138 [main] INFO  com.task1.App - Setting message Привіт, Інна! 
20.05.2023 21:48:03.437 [main] DEBUG com.task1.App - {"message":"Привіт, Інна!"}
20.05.2023 21:48:03.438 [main] DEBUG com.task1.App - JSON message was created
20.05.2023 21:48:03.438 [main] INFO  com.task1.App - Program was finished
20.05.2023 22:01:27.464 [main] INFO  com.task1.App - Program was started
20.05.2023 22:01:27.470 [main] DEBUG com.task1.App - Processing message format
20.05.2023 22:01:27.474 [main] DEBUG com.task1.App - Properties were loaded
20.05.2023 22:01:27.486 [main] INFO  com.task1.App - Setting message Привіт, Інна! 
20.05.2023 22:01:27.797 [main] DEBUG com.task1.App - {"message":"Привіт, Інна!"}
20.05.2023 22:01:27.797 [main] DEBUG com.task1.App - JSON message was created
20.05.2023 22:01:27.797 [main] INFO  com.task1.App - Program was finished
20.05.2023 22:02:36.280 [main] INFO  com.task1.App - Program was started
20.05.2023 22:02:36.286 [main] DEBUG com.task1.App - Processing message format
20.05.2023 22:10:21.578 [main] INFO  com.task1.App - Program was started
20.05.2023 22:10:21.582 [main] DEBUG com.task1.App - Processing message format
20.05.2023 22:10:21.584 [main] ERROR com.task1.App - Properties were not loaded null
20.05.2023 22:10:21.593 [main] INFO  com.task1.App - Setting message Привіт, null! 
20.05.2023 22:10:21.947 [main] DEBUG com.task1.App - {"message":"Привіт, null!"}
20.05.2023 22:10:21.948 [main] DEBUG com.task1.App - JSON message was created
20.05.2023 22:10:21.948 [main] INFO  com.task1.App - Program was finished
20.05.2023 22:11:26.507 [main] INFO  com.task1.App - Program was started
20.05.2023 22:11:26.513 [main] DEBUG com.task1.App - Processing message format
20.05.2023 22:11:26.517 [main] DEBUG com.task1.App - Properties were loaded
20.05.2023 22:11:26.526 [main] INFO  com.task1.App - Setting message Привіт, Інна! 
20.05.2023 22:11:26.836 [main] DEBUG com.task1.App - {"message":"Привіт, Інна!"}
20.05.2023 22:11:26.837 [main] DEBUG com.task1.App - JSON message was created
20.05.2023 22:11:26.837 [main] INFO  com.task1.App - Program was finished
20.05.2023 22:22:30.505 [main] INFO  com.task1.App - Program was started
20.05.2023 22:22:30.511 [main] DEBUG com.task1.App - Processing message format
20.05.2023 22:22:30.515 [main] DEBUG com.task1.App - Properties were loaded
20.05.2023 22:22:30.526 [main] INFO  com.task1.App - Setting message Привіт, Інна! 
20.05.2023 22:22:30.858 [main] DEBUG com.task1.App - {"message":"Привіт, Інна!"}
20.05.2023 22:22:30.859 [main] DEBUG com.task1.App - JSON message was created
20.05.2023 22:22:30.859 [main] INFO  com.task1.App - Program was finished
20.05.2023 22:22:43.048 [main] INFO  com.task1.App - Program was started
20.05.2023 22:22:43.058 [main] DEBUG com.task1.App - Processing message format
20.05.2023 22:22:43.063 [main] DEBUG com.task1.App - Properties were loaded
20.05.2023 22:22:43.073 [main] INFO  com.task1.App - Setting message Привіт, Інна! 
20.05.2023 22:22:43.414 [main] DEBUG com.task1.App - {"message":"Привіт, Інна!"}
20.05.2023 22:22:43.414 [main] DEBUG com.task1.App - JSON message was created
20.05.2023 22:22:43.415 [main] INFO  com.task1.App - Program was finished
20.05.2023 22:35:33.879 [main] INFO  com.task1.App - Program was started
20.05.2023 22:35:33.885 [main] DEBUG com.task1.App - Processing message format
20.05.2023 22:35:33.889 [main] DEBUG com.task1.App - Properties were loaded
20.05.2023 22:35:33.899 [main] INFO  com.task1.App - Setting message Привіт, Інна! 
20.05.2023 22:35:34.217 [main] DEBUG com.task1.App - {"message":"Привіт, Інна!"}
20.05.2023 22:35:34.218 [main] DEBUG com.task1.App - JSON message was created
20.05.2023 22:35:34.218 [main] INFO  com.task1.App - Program was finished
20.05.2023 22:46:15.107 [main] INFO  com.task1.App - Program was started
20.05.2023 22:46:15.111 [main] DEBUG com.task1.App - Processing message format
20.05.2023 22:46:15.115 [main] DEBUG com.task1.App - Properties were loaded
20.05.2023 22:46:15.126 [main] INFO  com.task1.App - Setting message Привіт, Інна! 
20.05.2023 22:46:15.430 [main] DEBUG com.task1.App - {"message":"Привіт, Інна!"}
20.05.2023 22:46:15.431 [main] DEBUG com.task1.App - JSON message was created
20.05.2023 22:46:15.431 [main] INFO  com.task1.App - Program was finished
20.05.2023 23:12:10.570 [main] INFO  com.task1.App - Program was started
20.05.2023 23:12:10.575 [main] DEBUG com.task1.App - Processing message format
20.05.2023 23:12:10.576 [main] DEBUG com.task1.App - Finding properties file into jar
20.05.2023 23:12:10.579 [main] DEBUG com.task1.App - Properties file into jar was found
20.05.2023 23:12:10.580 [main] DEBUG com.task1.App - Properties were loaded
20.05.2023 23:12:10.591 [main] INFO  com.task1.App - Setting message Привіт, Інна! 
20.05.2023 23:12:10.901 [main] DEBUG com.task1.App - {"message":"Привіт, Інна!"}
20.05.2023 23:12:10.901 [main] DEBUG com.task1.App - JSON message was created
20.05.2023 23:12:10.901 [main] INFO  com.task1.App - Program was finished
20.05.2023 23:15:42.572 [main] INFO  com.task1.App - Program was started
20.05.2023 23:15:42.577 [main] DEBUG com.task1.App - Processing message format
20.05.2023 23:15:42.578 [main] DEBUG com.task1.App - Finding properties file into jar
20.05.2023 23:15:42.579 [main] DEBUG com.task1.App - Properties file into jar was found
20.05.2023 23:15:42.580 [main] DEBUG com.task1.App - Properties were loaded
20.05.2023 23:15:42.590 [main] INFO  com.task1.App - Setting message Привіт, Інна! 
20.05.2023 23:15:42.906 [main] DEBUG com.task1.App - {"message":"Привіт, Інна!"}
20.05.2023 23:15:42.906 [main] DEBUG com.task1.App - JSON message was created
20.05.2023 23:15:42.906 [main] INFO  com.task1.App - Program was finished
20.05.2023 23:19:33.396 [main] INFO  com.task1.App - Program was started
20.05.2023 23:19:33.402 [main] DEBUG com.task1.App - Processing message format
20.05.2023 23:19:33.404 [main] DEBUG com.task1.App - Finding properties file into jar
20.05.2023 23:19:33.404 [main] DEBUG com.task1.App - Properties file into jar was found
20.05.2023 23:19:33.405 [main] DEBUG com.task1.App - Properties were loaded
20.05.2023 23:19:33.417 [main] INFO  com.task1.App - Setting message Привіт, Інна! 
20.05.2023 23:19:33.725 [main] DEBUG com.task1.App - {"message":"Привіт, Інна!"}
20.05.2023 23:19:33.726 [main] DEBUG com.task1.App - JSON message was created
20.05.2023 23:19:33.726 [main] INFO  com.task1.App - Program was finished
20.05.2023 23:43:40.584 [main] INFO  com.task1.App - Program was started
20.05.2023 23:43:40.586 [main] DEBUG com.task1.App - Processing message format
20.05.2023 23:43:40.588 [main] DEBUG com.task1.App - Finding properties file into jar
20.05.2023 23:43:40.588 [main] DEBUG com.task1.App - Properties file into jar was found
20.05.2023 23:43:40.589 [main] DEBUG com.task1.App - Properties were loaded
20.05.2023 23:43:40.595 [main] INFO  com.task1.App - Setting message Привіт, null! 
20.05.2023 23:43:40.766 [main] DEBUG com.task1.App - {"message":"Привіт, null!"}
20.05.2023 23:43:40.766 [main] DEBUG com.task1.App - JSON message was created
20.05.2023 23:43:40.766 [main] INFO  com.task1.App - Program was finished
20.05.2023 23:48:35.792 [main] INFO  com.task1.App - Program was started
20.05.2023 23:48:35.796 [main] DEBUG com.task1.App - Finding properties file into jar
20.05.2023 23:48:35.796 [main] DEBUG com.task1.App - Properties file into jar was found
20.05.2023 23:48:35.796 [main] DEBUG com.task1.App - Properties were loaded
20.05.2023 23:48:35.801 [main] INFO  com.task1.App - Setting message Привіт, Інна! 
20.05.2023 23:48:35.803 [main] DEBUG com.task1.App - Processing message format
20.05.2023 23:48:35.966 [main] DEBUG com.task1.App - {"message":"Привіт, Інна!"}
20.05.2023 23:48:35.966 [main] DEBUG com.task1.App - JSON message was created
20.05.2023 23:48:35.966 [main] INFO  com.task1.App - Program was finished
20.05.2023 23:55:57.139 [main] INFO  com.task1.App - Program was started
20.05.2023 23:55:57.143 [main] DEBUG com.task1.App - Finding properties file into jar
20.05.2023 23:55:57.144 [main] DEBUG com.task1.App - Properties file into jar was found
20.05.2023 23:55:57.144 [main] DEBUG com.task1.App - Properties were loaded
20.05.2023 23:55:57.151 [main] INFO  com.task1.App - Setting message Привіт, Інна! 
20.05.2023 23:55:57.153 [main] DEBUG com.task1.App - Processing message format
20.05.2023 23:55:57.317 [main] DEBUG com.task1.App - {"message":"Привіт, Інна!"}
20.05.2023 23:55:57.318 [main] DEBUG com.task1.App - JSON message was created
20.05.2023 23:55:57.318 [main] INFO  com.task1.App - Program was finished
